<?xml version="1.0" encoding="UTF-8"?>
<coverage generated="1582887165495" clover="3.2.0">
  <project timestamp="1582887165495" name="All files">
    <metrics statements="78" coveredstatements="78" conditionals="44" coveredconditionals="44" methods="26" coveredmethods="26" elements="148" coveredelements="148" complexity="0" loc="78" ncloc="78" packages="7" files="18" classes="18">
      <package name="every">
        <metrics statements="9" coveredstatements="9" conditionals="6" coveredconditionals="6" methods="3" coveredmethods="3"/>
        <file name="every-recursive.js" path="C:\Users\Soar02\Documents\Cursos\Udemy\react-ninja\004-modulo-02\jest-in-practice\src\every\every-recursive.js">
          <metrics statements="4" coveredstatements="4" conditionals="4" coveredconditionals="4" methods="2" coveredmethods="2"/>
          <line num="3" count="1" type="stmt"/>
          <line num="4" count="5" type="stmt"/>
          <line num="5" count="14" type="stmt"/>
          <line num="7" count="14" type="cond" truecount="2" falsecount="0"/>
        </file>
        <file name="every.js" path="C:\Users\Soar02\Documents\Cursos\Udemy\react-ninja\004-modulo-02\jest-in-practice\src\every\every.js">
          <metrics statements="5" coveredstatements="5" conditionals="2" coveredconditionals="2" methods="1" coveredmethods="1"/>
          <line num="3" count="1" type="stmt"/>
          <line num="4" count="5" type="stmt"/>
          <line num="5" count="10" type="cond" truecount="2" falsecount="0"/>
          <line num="6" count="1" type="stmt"/>
          <line num="10" count="4" type="stmt"/>
        </file>
      </package>
      <package name="filter">
        <metrics statements="10" coveredstatements="10" conditionals="6" coveredconditionals="6" methods="3" coveredmethods="3"/>
        <file name="filter-recursive.js" path="C:\Users\Soar02\Documents\Cursos\Udemy\react-ninja\004-modulo-02\jest-in-practice\src\filter\filter-recursive.js">
          <metrics statements="4" coveredstatements="4" conditionals="4" coveredconditionals="4" methods="2" coveredmethods="2"/>
          <line num="3" count="1" type="stmt"/>
          <line num="4" count="5" type="stmt"/>
          <line num="5" count="24" type="stmt"/>
          <line num="7" count="24" type="cond" truecount="2" falsecount="0"/>
        </file>
        <file name="filter.js" path="C:\Users\Soar02\Documents\Cursos\Udemy\react-ninja\004-modulo-02\jest-in-practice\src\filter\filter.js">
          <metrics statements="6" coveredstatements="6" conditionals="2" coveredconditionals="2" methods="1" coveredmethods="1"/>
          <line num="3" count="1" type="stmt"/>
          <line num="4" count="5" type="stmt"/>
          <line num="6" count="5" type="stmt"/>
          <line num="7" count="19" type="cond" truecount="2" falsecount="0"/>
          <line num="8" count="13" type="stmt"/>
          <line num="12" count="5" type="stmt"/>
        </file>
      </package>
      <package name="find">
        <metrics statements="9" coveredstatements="9" conditionals="6" coveredconditionals="6" methods="3" coveredmethods="3"/>
        <file name="find-recursive.js" path="C:\Users\Soar02\Documents\Cursos\Udemy\react-ninja\004-modulo-02\jest-in-practice\src\find\find-recursive.js">
          <metrics statements="4" coveredstatements="4" conditionals="4" coveredconditionals="4" methods="2" coveredmethods="2"/>
          <line num="3" count="1" type="stmt"/>
          <line num="4" count="5" type="stmt"/>
          <line num="5" count="9" type="stmt"/>
          <line num="7" count="9" type="cond" truecount="2" falsecount="0"/>
        </file>
        <file name="find.js" path="C:\Users\Soar02\Documents\Cursos\Udemy\react-ninja\004-modulo-02\jest-in-practice\src\find\find.js">
          <metrics statements="5" coveredstatements="5" conditionals="2" coveredconditionals="2" methods="1" coveredmethods="1"/>
          <line num="3" count="1" type="stmt"/>
          <line num="4" count="5" type="stmt"/>
          <line num="5" count="8" type="cond" truecount="2" falsecount="0"/>
          <line num="6" count="4" type="stmt"/>
          <line num="10" count="1" type="stmt"/>
        </file>
      </package>
      <package name="map">
        <metrics statements="13" coveredstatements="13" conditionals="10" coveredconditionals="10" methods="5" coveredmethods="5"/>
        <file name="map-recursive.js" path="C:\Users\Soar02\Documents\Cursos\Udemy\react-ninja\004-modulo-02\jest-in-practice\src\map\map-recursive.js">
          <metrics statements="4" coveredstatements="4" conditionals="4" coveredconditionals="4" methods="3" coveredmethods="3"/>
          <line num="3" count="2" type="cond" truecount="2" falsecount="0"/>
          <line num="4" count="8" type="stmt"/>
          <line num="5" count="22" type="stmt"/>
          <line num="7" count="22" type="cond" truecount="2" falsecount="0"/>
        </file>
        <file name="map.js" path="C:\Users\Soar02\Documents\Cursos\Udemy\react-ninja\004-modulo-02\jest-in-practice\src\map\map.js">
          <metrics statements="9" coveredstatements="9" conditionals="6" coveredconditionals="6" methods="2" coveredmethods="2"/>
          <line num="3" count="2" type="cond" truecount="2" falsecount="0"/>
          <line num="4" count="12" type="cond" truecount="2" falsecount="0"/>
          <line num="5" count="2" type="stmt"/>
          <line num="8" count="10" type="cond" truecount="2" falsecount="0"/>
          <line num="9" count="2" type="stmt"/>
          <line num="12" count="8" type="stmt"/>
          <line num="14" count="8" type="stmt"/>
          <line num="15" count="14" type="stmt"/>
          <line num="17" count="8" type="stmt"/>
        </file>
      </package>
      <package name="reduce">
        <metrics statements="21" coveredstatements="21" conditionals="8" coveredconditionals="8" methods="7" coveredmethods="7"/>
        <file name="main-reduce-recursive.js" path="C:\Users\Soar02\Documents\Cursos\Udemy\react-ninja\004-modulo-02\jest-in-practice\src\reduce\main-reduce-recursive.js">
          <metrics statements="8" coveredstatements="8" conditionals="6" coveredconditionals="6" methods="4" coveredmethods="4"/>
          <line num="3" count="14" type="stmt"/>
          <line num="5" count="1" type="stmt"/>
          <line num="6" count="7" type="cond" truecount="2" falsecount="0"/>
          <line num="7" count="7" type="cond" truecount="2" falsecount="0"/>
          <line num="9" count="7" type="stmt"/>
          <line num="10" count="24" type="stmt"/>
          <line num="11" count="24" type="stmt"/>
          <line num="13" count="24" type="cond" truecount="2" falsecount="0"/>
        </file>
        <file name="main-reduce.js" path="C:\Users\Soar02\Documents\Cursos\Udemy\react-ninja\004-modulo-02\jest-in-practice\src\reduce\main-reduce.js">
          <metrics statements="9" coveredstatements="9" conditionals="2" coveredconditionals="2" methods="1" coveredmethods="1"/>
          <line num="3" count="1" type="stmt"/>
          <line num="4" count="7" type="stmt"/>
          <line num="5" count="7" type="stmt"/>
          <line num="7" count="7" type="cond" truecount="2" falsecount="0"/>
          <line num="8" count="1" type="stmt"/>
          <line num="9" count="1" type="stmt"/>
          <line num="12" count="7" type="stmt"/>
          <line num="13" count="17" type="stmt"/>
          <line num="16" count="7" type="stmt"/>
        </file>
        <file name="reduce-recursive.js" path="C:\Users\Soar02\Documents\Cursos\Udemy\react-ninja\004-modulo-02\jest-in-practice\src\reduce\reduce-recursive.js">
          <metrics statements="1" coveredstatements="1" conditionals="0" coveredconditionals="0" methods="0" coveredmethods="0"/>
          <line num="5" count="1" type="stmt"/>
        </file>
        <file name="reduce-right-recursive.js" path="C:\Users\Soar02\Documents\Cursos\Udemy\react-ninja\004-modulo-02\jest-in-practice\src\reduce\reduce-right-recursive.js">
          <metrics statements="1" coveredstatements="1" conditionals="0" coveredconditionals="0" methods="1" coveredmethods="1"/>
          <line num="6" count="1" type="stmt"/>
        </file>
        <file name="reduce-right.js" path="C:\Users\Soar02\Documents\Cursos\Udemy\react-ninja\004-modulo-02\jest-in-practice\src\reduce\reduce-right.js">
          <metrics statements="1" coveredstatements="1" conditionals="0" coveredconditionals="0" methods="1" coveredmethods="1"/>
          <line num="6" count="1" type="stmt"/>
        </file>
        <file name="reduce.js" path="C:\Users\Soar02\Documents\Cursos\Udemy\react-ninja\004-modulo-02\jest-in-practice\src\reduce\reduce.js">
          <metrics statements="1" coveredstatements="1" conditionals="0" coveredconditionals="0" methods="0" coveredmethods="0"/>
          <line num="5" count="1" type="stmt"/>
        </file>
      </package>
      <package name="reverse">
        <metrics statements="7" coveredstatements="7" conditionals="2" coveredconditionals="2" methods="2" coveredmethods="2"/>
        <file name="reverse-recursive.js" path="C:\Users\Soar02\Documents\Cursos\Udemy\react-ninja\004-modulo-02\jest-in-practice\src\reverse\reverse-recursive.js">
          <metrics statements="2" coveredstatements="2" conditionals="2" coveredconditionals="2" methods="1" coveredmethods="1"/>
          <line num="3" count="2" type="stmt"/>
          <line num="4" count="12" type="cond" truecount="2" falsecount="0"/>
        </file>
        <file name="reverse.js" path="C:\Users\Soar02\Documents\Cursos\Udemy\react-ninja\004-modulo-02\jest-in-practice\src\reverse\reverse.js">
          <metrics statements="5" coveredstatements="5" conditionals="0" coveredconditionals="0" methods="1" coveredmethods="1"/>
          <line num="3" count="2" type="stmt"/>
          <line num="4" count="4" type="stmt"/>
          <line num="5" count="4" type="stmt"/>
          <line num="6" count="8" type="stmt"/>
          <line num="8" count="4" type="stmt"/>
        </file>
      </package>
      <package name="some">
        <metrics statements="9" coveredstatements="9" conditionals="6" coveredconditionals="6" methods="3" coveredmethods="3"/>
        <file name="some-recursive.js" path="C:\Users\Soar02\Documents\Cursos\Udemy\react-ninja\004-modulo-02\jest-in-practice\src\some\some-recursive.js">
          <metrics statements="4" coveredstatements="4" conditionals="4" coveredconditionals="4" methods="2" coveredmethods="2"/>
          <line num="3" count="1" type="stmt"/>
          <line num="4" count="5" type="stmt"/>
          <line num="5" count="8" type="stmt"/>
          <line num="7" count="8" type="cond" truecount="2" falsecount="0"/>
        </file>
        <file name="some.js" path="C:\Users\Soar02\Documents\Cursos\Udemy\react-ninja\004-modulo-02\jest-in-practice\src\some\some.js">
          <metrics statements="5" coveredstatements="5" conditionals="2" coveredconditionals="2" methods="1" coveredmethods="1"/>
          <line num="3" count="1" type="stmt"/>
          <line num="4" count="5" type="stmt"/>
          <line num="5" count="6" type="cond" truecount="2" falsecount="0"/>
          <line num="6" count="3" type="stmt"/>
          <line num="9" count="2" type="stmt"/>
        </file>
      </package>
    </metrics>
  </project>
</coverage>
