{"C:\\Users\\Soar02\\Documents\\Cursos\\Udemy\\react-ninja\\004-modulo-02\\jest-in-practice\\src\\sum.js": {"path":"C:\\Users\\Soar02\\Documents\\Cursos\\Udemy\\react-ninja\\004-modulo-02\\jest-in-practice\\src\\sum.js","statementMap":{"0":{"start":{"line":2,"column":2},"end":{"line":3,"column":10}},"1":{"start":{"line":3,"column":4},"end":{"line":3,"column":10}}},"fnMap":{"0":{"name":"(anonymous_0)","decl":{"start":{"line":1,"column":15},"end":{"line":1,"column":16}},"loc":{"start":{"line":1,"column":21},"end":{"line":4,"column":1}},"line":1}},"branchMap":{"0":{"loc":{"start":{"line":2,"column":2},"end":{"line":3,"column":10}},"type":"if","locations":[{"start":{"line":2,"column":2},"end":{"line":3,"column":10}},{"start":{"line":2,"column":2},"end":{"line":3,"column":10}}],"line":2}},"s":{"0":0,"1":0},"f":{"0":0},"b":{"0":[0,0]},"_coverageSchema":"332fd63041d2c1bcb487cc26dd0d5f7d97098a6c","hash":"0310e6151da0678a5f5210877a2ecbe413a28b3e"}
}
