{"C:\\Users\\Soar02\\Documents\\Cursos\\Udemy\\react-ninja\\004-modulo-02\\jest-in-practice\\src\\div.js": {"path":"C:\\Users\\Soar02\\Documents\\Cursos\\Udemy\\react-ninja\\004-modulo-02\\jest-in-practice\\src\\div.js","statementMap":{"0":{"start":{"line":4,"column":2},"end":{"line":4,"column":10}}},"fnMap":{"0":{"name":"(anonymous_0)","decl":{"start":{"line":3,"column":15},"end":{"line":3,"column":16}},"loc":{"start":{"line":3,"column":21},"end":{"line":5,"column":1}},"line":3}},"branchMap":{},"s":{"0":1},"f":{"0":1},"b":{},"_coverageSchema":"332fd63041d2c1bcb487cc26dd0d5f7d97098a6c","hash":"52005b81a360aeea37084411a276b201c1b93a05"}
,"C:\\Users\\Soar02\\Documents\\Cursos\\Udemy\\react-ninja\\004-modulo-02\\jest-in-practice\\src\\sum.js": {"path":"C:\\Users\\Soar02\\Documents\\Cursos\\Udemy\\react-ninja\\004-modulo-02\\jest-in-practice\\src\\sum.js","statementMap":{"0":{"start":{"line":4,"column":2},"end":{"line":4,"column":10}}},"fnMap":{"0":{"name":"(anonymous_0)","decl":{"start":{"line":3,"column":15},"end":{"line":3,"column":16}},"loc":{"start":{"line":3,"column":21},"end":{"line":5,"column":1}},"line":3}},"branchMap":{},"s":{"0":1},"f":{"0":1},"b":{},"_coverageSchema":"332fd63041d2c1bcb487cc26dd0d5f7d97098a6c","hash":"72ed4745cb842670aa13120dd7b2c9765440e5f9"}
}
