TN:
SF:C:\Users\Soar02\Documents\Cursos\Udemy\react-ninja\004-modulo-02\jest-in-practice\src\every\every-recursive.js
FN:3,(anonymous_0)
FN:4,everyInternal
FNF:2
FNH:2
FNDA:5,(anonymous_0)
FNDA:14,everyInternal
DA:3,1
DA:4,5
DA:5,14
DA:7,14
LF:4
LH:4
BRDA:7,0,0,4
BRDA:7,0,1,10
BRDA:9,1,0,1
BRDA:9,1,1,9
BRF:4
BRH:4
end_of_record
TN:
SF:C:\Users\Soar02\Documents\Cursos\Udemy\react-ninja\004-modulo-02\jest-in-practice\src\every\every.js
FN:3,(anonymous_0)
FNF:1
FNH:1
FNDA:5,(anonymous_0)
DA:3,1
DA:4,5
DA:5,10
DA:6,1
DA:10,4
LF:5
LH:5
BRDA:5,0,0,1
BRDA:5,0,1,9
BRF:2
BRH:2
end_of_record
TN:
SF:C:\Users\Soar02\Documents\Cursos\Udemy\react-ninja\004-modulo-02\jest-in-practice\src\filter\filter-recursive.js
FN:3,(anonymous_0)
FN:4,filterInternal
FNF:2
FNH:2
FNDA:5,(anonymous_0)
FNDA:24,filterInternal
DA:3,1
DA:4,5
DA:5,24
DA:7,24
LF:4
LH:4
BRDA:7,0,0,5
BRDA:7,0,1,19
BRDA:9,1,0,13
BRDA:9,1,1,6
BRF:4
BRH:4
end_of_record
TN:
SF:C:\Users\Soar02\Documents\Cursos\Udemy\react-ninja\004-modulo-02\jest-in-practice\src\filter\filter.js
FN:3,(anonymous_0)
FNF:1
FNH:1
FNDA:5,(anonymous_0)
DA:3,1
DA:4,5
DA:6,5
DA:7,19
DA:8,13
DA:12,5
LF:6
LH:6
BRDA:7,0,0,13
BRDA:7,0,1,6
BRF:2
BRH:2
end_of_record
TN:
SF:C:\Users\Soar02\Documents\Cursos\Udemy\react-ninja\004-modulo-02\jest-in-practice\src\find\find-recursive.js
FN:3,(anonymous_0)
FN:4,findInternal
FNF:2
FNH:2
FNDA:5,(anonymous_0)
FNDA:9,findInternal
DA:3,1
DA:4,5
DA:5,9
DA:7,9
LF:4
LH:4
BRDA:7,0,0,1
BRDA:7,0,1,8
BRDA:9,1,0,4
BRDA:9,1,1,4
BRF:4
BRH:4
end_of_record
TN:
SF:C:\Users\Soar02\Documents\Cursos\Udemy\react-ninja\004-modulo-02\jest-in-practice\src\find\find.js
FN:3,(anonymous_0)
FNF:1
FNH:1
FNDA:5,(anonymous_0)
DA:3,1
DA:4,5
DA:5,8
DA:6,4
DA:10,1
LF:5
LH:5
BRDA:5,0,0,4
BRDA:5,0,1,4
BRF:2
BRH:2
end_of_record
TN:
SF:C:\Users\Soar02\Documents\Cursos\Udemy\react-ninja\004-modulo-02\jest-in-practice\src\map\map-recursive.js
FN:3,(anonymous_0)
FN:3,(anonymous_1)
FN:4,mapInternal
FNF:3
FNH:3
FNDA:8,(anonymous_0)
FNDA:2,(anonymous_1)
FNDA:22,mapInternal
DA:3,2
DA:4,8
DA:5,22
DA:7,22
LF:4
LH:4
BRDA:3,0,0,1
BRDA:3,1,0,2
BRDA:7,2,0,8
BRDA:7,2,1,14
BRF:4
BRH:4
end_of_record
TN:
SF:C:\Users\Soar02\Documents\Cursos\Udemy\react-ninja\004-modulo-02\jest-in-practice\src\map\map.js
FN:3,(anonymous_0)
FN:3,(anonymous_1)
FNF:2
FNH:2
FNDA:12,(anonymous_0)
FNDA:2,(anonymous_1)
DA:3,2
DA:4,12
DA:5,2
DA:8,10
DA:9,2
DA:12,8
DA:14,8
DA:15,14
DA:17,8
LF:9
LH:9
BRDA:3,0,0,1
BRDA:3,1,0,4
BRDA:4,2,0,2
BRDA:4,2,1,10
BRDA:8,3,0,2
BRDA:8,3,1,8
BRF:6
BRH:6
end_of_record
TN:
SF:C:\Users\Soar02\Documents\Cursos\Udemy\react-ninja\004-modulo-02\jest-in-practice\src\reduce\main-reduce-recursive.js
FN:3,(anonymous_0)
FN:5,(anonymous_1)
FN:9,mainReduceInternal
FN:11,(anonymous_3)
FNF:4
FNH:4
FNDA:14,(anonymous_0)
FNDA:7,(anonymous_1)
FNDA:24,mainReduceInternal
FNDA:17,(anonymous_3)
DA:3,14
DA:5,1
DA:6,7
DA:7,7
DA:9,7
DA:10,24
DA:11,24
DA:13,24
LF:8
LH:8
BRDA:6,0,0,1
BRDA:6,0,1,6
BRDA:7,1,0,1
BRDA:7,1,1,6
BRDA:13,2,0,7
BRDA:13,2,1,17
BRF:6
BRH:6
end_of_record
TN:
SF:C:\Users\Soar02\Documents\Cursos\Udemy\react-ninja\004-modulo-02\jest-in-practice\src\reduce\main-reduce.js
FN:3,(anonymous_0)
FNF:1
FNH:1
FNDA:7,(anonymous_0)
DA:3,1
DA:4,7
DA:5,7
DA:7,7
DA:8,1
DA:9,1
DA:12,7
DA:13,17
DA:16,7
LF:9
LH:9
BRDA:7,0,0,1
BRDA:7,0,1,6
BRF:2
BRH:2
end_of_record
TN:
SF:C:\Users\Soar02\Documents\Cursos\Udemy\react-ninja\004-modulo-02\jest-in-practice\src\reduce\reduce-recursive.js
FNF:0
FNH:0
DA:5,1
LF:1
LH:1
BRF:0
BRH:0
end_of_record
TN:
SF:C:\Users\Soar02\Documents\Cursos\Udemy\react-ninja\004-modulo-02\jest-in-practice\src\reduce\reduce-right-recursive.js
FN:6,(anonymous_0)
FNF:1
FNH:1
FNDA:1,(anonymous_0)
DA:6,1
LF:1
LH:1
BRF:0
BRH:0
end_of_record
TN:
SF:C:\Users\Soar02\Documents\Cursos\Udemy\react-ninja\004-modulo-02\jest-in-practice\src\reduce\reduce-right.js
FN:6,(anonymous_0)
FNF:1
FNH:1
FNDA:1,(anonymous_0)
DA:6,1
LF:1
LH:1
BRF:0
BRH:0
end_of_record
TN:
SF:C:\Users\Soar02\Documents\Cursos\Udemy\react-ninja\004-modulo-02\jest-in-practice\src\reduce\reduce.js
FNF:0
FNH:0
DA:5,1
LF:1
LH:1
BRF:0
BRH:0
end_of_record
TN:
SF:C:\Users\Soar02\Documents\Cursos\Udemy\react-ninja\004-modulo-02\jest-in-practice\src\reverse\reverse-recursive.js
FN:3,(anonymous_0)
FNF:1
FNH:1
FNDA:12,(anonymous_0)
DA:3,2
DA:4,12
LF:2
LH:2
BRDA:4,0,0,4
BRDA:4,0,1,8
BRF:2
BRH:2
end_of_record
TN:
SF:C:\Users\Soar02\Documents\Cursos\Udemy\react-ninja\004-modulo-02\jest-in-practice\src\reverse\reverse.js
FN:3,(anonymous_0)
FNF:1
FNH:1
FNDA:4,(anonymous_0)
DA:3,2
DA:4,4
DA:5,4
DA:6,8
DA:8,4
LF:5
LH:5
BRF:0
BRH:0
end_of_record
TN:
SF:C:\Users\Soar02\Documents\Cursos\Udemy\react-ninja\004-modulo-02\jest-in-practice\src\some\some-recursive.js
FN:3,(anonymous_0)
FN:4,someInternal
FNF:2
FNH:2
FNDA:5,(anonymous_0)
FNDA:8,someInternal
DA:3,1
DA:4,5
DA:5,8
DA:7,8
LF:4
LH:4
BRDA:7,0,0,2
BRDA:7,0,1,6
BRDA:9,1,0,3
BRDA:9,1,1,3
BRF:4
BRH:4
end_of_record
TN:
SF:C:\Users\Soar02\Documents\Cursos\Udemy\react-ninja\004-modulo-02\jest-in-practice\src\some\some.js
FN:3,(anonymous_0)
FNF:1
FNH:1
FNDA:5,(anonymous_0)
DA:3,1
DA:4,5
DA:5,6
DA:6,3
DA:9,2
LF:5
LH:5
BRDA:5,0,0,3
BRDA:5,0,1,3
BRF:2
BRH:2
end_of_record
